2026.01.30 21:54:26 WARN  Using H2 2.4.240 which is newer than the version Flyway has been verified with. The latest verified version of H2 is 2.3.232.
2026.01.30 21:54:26 WARN  no build tool detected in workspace '/Users/antonioroger/Downloads/OnionNet'. The most common cause for this problem is that the editor was opened in the wrong working directory, for example if you use sbt then the workspace directory should contain build.sbt. 
2026.01.30 21:54:25 WARN  Build server is not auto-connectable.
2026.01.30 21:54:26 WARN  no build tool detected in workspace '/Users/antonioroger/Downloads/OnionNet'. The most common cause for this problem is that the editor was opened in the wrong working directory, for example if you use sbt then the workspace directory should contain build.sbt. 
2026.01.30 21:54:26 WARN  Build server is not auto-connectable.
2026.01.30 21:54:28 WARN  no build tool detected in workspace '/Users/antonioroger/Downloads/OnionNet'. The most common cause for this problem is that the editor was opened in the wrong working directory, for example if you use sbt then the workspace directory should contain build.sbt. 
2026.01.30 21:54:28 WARN  Build server is not auto-connectable.
2026.01.30 21:55:06 INFO  
2026.01.30 21:55:06 INFO  Template applied in /Users/antonioroger/Downloads/./scalatest-example
2026.01.30 21:55:06 INFO  
2026.01.30 21:55:06 INFO  time: ran 'giter8.Giter8' in 6.89s
Jan 30, 2026 9:55:07 PM org.eclipse.lsp4j.jsonrpc.services.GenericEndpoint notify
INFO: Unsupported notification method: $/setTrace
Jan 30, 2026 10:02:03 PM org.eclipse.lsp4j.jsonrpc.services.GenericEndpoint notify
INFO: Unsupported notification method: $/setTrace
Jan 30, 2026 10:09:02 PM org.eclipse.lsp4j.jsonrpc.services.GenericEndpoint notify
INFO: Unsupported notification method: $/setTrace
Jan 31, 2026 4:05:13 PM org.eclipse.lsp4j.jsonrpc.services.GenericEndpoint notify
INFO: Unsupported notification method: $/setTrace
Jan 31, 2026 4:08:58 PM org.eclipse.lsp4j.jsonrpc.services.GenericEndpoint notify
INFO: Unsupported notification method: $/setTrace
Feb 01, 2026 10:10:49 AM org.eclipse.lsp4j.jsonrpc.services.GenericEndpoint notify
INFO: Unsupported notification method: $/setTrace
Feb 01, 2026 10:10:49 AM org.eclipse.lsp4j.jsonrpc.services.GenericEndpoint notify
INFO: Unsupported notification method: $/setTrace
2026.02.01 10:10:49 INFO  Shutting down server
2026.02.01 10:10:49 INFO  shutting down Metals
2026.02.01 10:10:49 INFO  Exiting server
